<?xml version="1.0" encoding="UTF-8"?>
<testsuite name="CT417Assignment1.ModuleTest" tests="30" skipped="0" failures="0" errors="0" timestamp="2021-10-15T19:50:35" hostname="DESKTOP-6KM3SC0" time="0.13">
  <properties/>
  <testcase name="testModuleConstructor" classname="CT417Assignment1.ModuleTest" time="0.001"/>
  <testcase name="testRemoveCourseFromModule" classname="CT417Assignment1.ModuleTest" time="0.0"/>
  <testcase name="testGetEnrolledStudents" classname="CT417Assignment1.ModuleTest" time="0.001"/>
  <testcase name="testAddStudent" classname="CT417Assignment1.ModuleTest" time="0.0"/>
  <testcase name="testAssociateCourseWithModule" classname="CT417Assignment1.ModuleTest" time="0.0"/>
  <testcase name="testSetModuleId" classname="CT417Assignment1.ModuleTest" time="0.0"/>
  <testcase name="testGetModuleName" classname="CT417Assignment1.ModuleTest" time="0.0"/>
  <testcase name="testGetModuleId" classname="CT417Assignment1.ModuleTest" time="0.0"/>
  <testcase name="testRemoveCourseFromModuleFail" classname="CT417Assignment1.ModuleTest" time="0.006"/>
  <testcase name="testRemoveStudent" classname="CT417Assignment1.ModuleTest" time="0.004"/>
  <testcase name="testAssociateCourseWithModuleFail" classname="CT417Assignment1.ModuleTest" time="0.001"/>
  <testcase name="testSetModuleName" classname="CT417Assignment1.ModuleTest" time="0.0"/>
  <testcase name="testGetAssociatedCourses" classname="CT417Assignment1.ModuleTest" time="0.0"/>
  <testcase name="testAddStudentFail" classname="CT417Assignment1.ModuleTest" time="0.0"/>
  <testcase name="testRemoveStudentFail" classname="CT417Assignment1.ModuleTest" time="0.0"/>
  <testcase name="testModuleConstructor" classname="CT417Assignment1.ModuleTest" time="0.006"/>
  <testcase name="testRemoveCourseFromModule" classname="CT417Assignment1.ModuleTest" time="0.0"/>
  <testcase name="testGetEnrolledStudents" classname="CT417Assignment1.ModuleTest" time="0.0"/>
  <testcase name="testAddStudent" classname="CT417Assignment1.ModuleTest" time="0.0"/>
  <testcase name="testAssociateCourseWithModule" classname="CT417Assignment1.ModuleTest" time="0.0"/>
  <testcase name="testSetModuleId" classname="CT417Assignment1.ModuleTest" time="0.0"/>
  <testcase name="testGetModuleName" classname="CT417Assignment1.ModuleTest" time="0.0"/>
  <testcase name="testGetModuleId" classname="CT417Assignment1.ModuleTest" time="0.0"/>
  <testcase name="testRemoveCourseFromModuleFail" classname="CT417Assignment1.ModuleTest" time="0.003"/>
  <testcase name="testRemoveStudent" classname="CT417Assignment1.ModuleTest" time="0.001"/>
  <testcase name="testAssociateCourseWithModuleFail" classname="CT417Assignment1.ModuleTest" time="0.0"/>
  <testcase name="testSetModuleName" classname="CT417Assignment1.ModuleTest" time="0.0"/>
  <testcase name="testGetAssociatedCourses" classname="CT417Assignment1.ModuleTest" time="0.0"/>
  <testcase name="testAddStudentFail" classname="CT417Assignment1.ModuleTest" time="0.0"/>
  <testcase name="testRemoveStudentFail" classname="CT417Assignment1.ModuleTest" time="0.0"/>
  <system-out><![CDATA[Test Module Class Constructor
Test Module class method deassociateCourseFromModule
Test Module class method getEnrolledStudents
Test Module class method addStudent
Test Module class method associateCourseWithModule
Test Module class method setModuleId
Test Module class method getModuleName
Test Module class method getModuleId
Test Module class method deassociateCourseFromModule with invalid input
Module is already not part of course!
Test Module class method removeStudent
Test Module class method associateCourseWithModule with invalid input
Module is already part of course!
Test Module class method setModuleName
Test Module class method getAssociatedCourses
Test Module class method addStudent with invalid argument
Student is already registered for this module!
Test Module class method removeStudent with invalid argument
Student is already not registered for this module!
Test Module Class Constructor
Test Module class method deassociateCourseFromModule
Test Module class method getEnrolledStudents
Test Module class method addStudent
Test Module class method associateCourseWithModule
Test Module class method setModuleId
Test Module class method getModuleName
Test Module class method getModuleId
Test Module class method deassociateCourseFromModule with invalid input
Module is already not part of course!
Test Module class method removeStudent
Test Module class method associateCourseWithModule with invalid input
Module is already part of course!
Test Module class method setModuleName
Test Module class method getAssociatedCourses
Test Module class method addStudent with invalid argument
Student is already registered for this module!
Test Module class method removeStudent with invalid argument
Student is already not registered for this module!
]]></system-out>
  <system-err><![CDATA[]]></system-err>
</testsuite>
